E, [2022-06-11T20:16:55.290721 #18164] ERROR -- Kitchen: ------Exception-------
E, [2022-06-11T20:16:55.291789 #18164] ERROR -- Kitchen: Class: Kitchen::UserError
E, [2022-06-11T20:16:55.292024 #18164] ERROR -- Kitchen: Message: Kitchen YAML file C:/Users/jaiganesh/Work/Training/chef-starter/chef-repo/kitchen.yml does not exist.
E, [2022-06-11T20:16:55.292234 #18164] ERROR -- Kitchen: ----------------------
E, [2022-06-11T20:16:55.292455 #18164] ERROR -- Kitchen: ------Backtrace-------
E, [2022-06-11T20:16:55.292657 #18164] ERROR -- Kitchen: C:/softwares/chef/chef-workstation/embedded/lib/ruby/gems/3.0.0/gems/test-kitchen-3.2.2/lib/kitchen/loader/yaml.rb:65:in `read'
E, [2022-06-11T20:16:55.292861 #18164] ERROR -- Kitchen: C:/softwares/chef/chef-workstation/embedded/lib/ruby/gems/3.0.0/gems/test-kitchen-3.2.2/lib/kitchen/config.rb:153:in `data'
E, [2022-06-11T20:16:55.293308 #18164] ERROR -- Kitchen: C:/softwares/chef/chef-workstation/embedded/lib/ruby/gems/3.0.0/gems/test-kitchen-3.2.2/lib/kitchen/config.rb:131:in `suites'
E, [2022-06-11T20:16:55.293521 #18164] ERROR -- Kitchen: C:/softwares/chef/chef-workstation/embedded/lib/ruby/gems/3.0.0/gems/test-kitchen-3.2.2/lib/kitchen/config.rb:183:in `filter_instances'
E, [2022-06-11T20:16:55.293738 #18164] ERROR -- Kitchen: C:/softwares/chef/chef-workstation/embedded/lib/ruby/gems/3.0.0/gems/test-kitchen-3.2.2/lib/kitchen/config.rb:142:in `build_instances'
E, [2022-06-11T20:16:55.293946 #18164] ERROR -- Kitchen: C:/softwares/chef/chef-workstation/embedded/lib/ruby/gems/3.0.0/gems/test-kitchen-3.2.2/lib/kitchen/config.rb:116:in `instances'
E, [2022-06-11T20:16:55.294151 #18164] ERROR -- Kitchen: C:/softwares/chef/chef-workstation/embedded/lib/ruby/gems/3.0.0/gems/test-kitchen-3.2.2/lib/kitchen/command.rb:109:in `filtered_instances'
E, [2022-06-11T20:16:55.294354 #18164] ERROR -- Kitchen: C:/softwares/chef/chef-workstation/embedded/lib/ruby/gems/3.0.0/gems/test-kitchen-3.2.2/lib/kitchen/command.rb:139:in `parse_subcommand'
E, [2022-06-11T20:16:55.294547 #18164] ERROR -- Kitchen: C:/softwares/chef/chef-workstation/embedded/lib/ruby/gems/3.0.0/gems/test-kitchen-3.2.2/lib/kitchen/command/list.rb:29:in `call'
E, [2022-06-11T20:16:55.294717 #18164] ERROR -- Kitchen: C:/softwares/chef/chef-workstation/embedded/lib/ruby/gems/3.0.0/gems/test-kitchen-3.2.2/lib/kitchen/cli.rb:52:in `perform'
E, [2022-06-11T20:16:55.294888 #18164] ERROR -- Kitchen: C:/softwares/chef/chef-workstation/embedded/lib/ruby/gems/3.0.0/gems/test-kitchen-3.2.2/lib/kitchen/cli.rb:120:in `list'
E, [2022-06-11T20:16:55.295056 #18164] ERROR -- Kitchen: C:/softwares/chef/chef-workstation/embedded/lib/ruby/gems/3.0.0/gems/thor-1.2.1/lib/thor/command.rb:27:in `run'
E, [2022-06-11T20:16:55.295229 #18164] ERROR -- Kitchen: C:/softwares/chef/chef-workstation/embedded/lib/ruby/gems/3.0.0/gems/thor-1.2.1/lib/thor/invocation.rb:127:in `invoke_command'
E, [2022-06-11T20:16:55.295400 #18164] ERROR -- Kitchen: C:/softwares/chef/chef-workstation/embedded/lib/ruby/gems/3.0.0/gems/thor-1.2.1/lib/thor.rb:392:in `dispatch'
E, [2022-06-11T20:16:55.295571 #18164] ERROR -- Kitchen: C:/softwares/chef/chef-workstation/embedded/lib/ruby/gems/3.0.0/gems/thor-1.2.1/lib/thor/base.rb:485:in `start'
E, [2022-06-11T20:16:55.295739 #18164] ERROR -- Kitchen: C:/softwares/chef/chef-workstation/embedded/lib/ruby/gems/3.0.0/gems/test-kitchen-3.2.2/bin/kitchen:11:in `block in <top (required)>'
E, [2022-06-11T20:16:55.295914 #18164] ERROR -- Kitchen: C:/softwares/chef/chef-workstation/embedded/lib/ruby/gems/3.0.0/gems/test-kitchen-3.2.2/lib/kitchen/errors.rb:183:in `with_friendly_errors'
E, [2022-06-11T20:16:55.296090 #18164] ERROR -- Kitchen: C:/softwares/chef/chef-workstation/embedded/lib/ruby/gems/3.0.0/gems/test-kitchen-3.2.2/bin/kitchen:11:in `<top (required)>'
E, [2022-06-11T20:16:55.296259 #18164] ERROR -- Kitchen: C:/softwares/chef/chef-workstation/bin/kitchen:408:in `load'
E, [2022-06-11T20:16:55.296429 #18164] ERROR -- Kitchen: C:/softwares/chef/chef-workstation/bin/kitchen:408:in `<main>'
E, [2022-06-11T20:16:55.296602 #18164] ERROR -- Kitchen: ----End Backtrace-----
