I, [2022-06-12T14:19:37.451939 #5044]  INFO -- default-ubuntu-1804: -----> Creating <default-ubuntu-1804>...
I, [2022-06-12T14:19:39.251778 #5044]  INFO -- default-ubuntu-1804: Bringing machine 'default' up with 'virtualbox' provider...
I, [2022-06-12T14:19:41.620560 #5044]  INFO -- default-ubuntu-1804: ==> default: Importing base box 'bento/ubuntu-18.04'...
I, [2022-06-12T14:19:58.086924 #5044]  INFO -- default-ubuntu-1804: [KProgress: 40%[KProgress: 50%[K==> default: Matching MAC address for NAT networking...
I, [2022-06-12T14:19:58.234312 #5044]  INFO -- default-ubuntu-1804: ==> default: Checking if box 'bento/ubuntu-18.04' version '202112.19.0' is up to date...
I, [2022-06-12T14:20:00.826999 #5044]  INFO -- default-ubuntu-1804: ==> default: Setting the name of the VM: kitchen-node-packages-default-ubuntu-1804-0d11c2d3-ca93-466b-ac90-ff504007e6d1
I, [2022-06-12T14:20:01.532214 #5044]  INFO -- default-ubuntu-1804: ==> default: Clearing any previously set network interfaces...
I, [2022-06-12T14:20:01.586948 #5044]  INFO -- default-ubuntu-1804: ==> default: Preparing network interfaces based on configuration...
I, [2022-06-12T14:20:01.587153 #5044]  INFO -- default-ubuntu-1804:     default: Adapter 1: nat
I, [2022-06-12T14:20:01.640022 #5044]  INFO -- default-ubuntu-1804: ==> default: Forwarding ports...
I, [2022-06-12T14:20:01.713257 #5044]  INFO -- default-ubuntu-1804:     default: 22 (guest) => 2222 (host) (adapter 1)
I, [2022-06-12T14:20:01.997089 #5044]  INFO -- default-ubuntu-1804: ==> default: Running 'pre-boot' VM customizations...
I, [2022-06-12T14:20:02.065823 #5044]  INFO -- default-ubuntu-1804: ==> default: Booting VM...
I, [2022-06-12T14:20:05.615492 #5044]  INFO -- default-ubuntu-1804: ==> default: Waiting for machine to boot. This may take a few minutes...
I, [2022-06-12T14:20:05.764979 #5044]  INFO -- default-ubuntu-1804:     default: SSH address: 127.0.0.1:2222
I, [2022-06-12T14:20:05.765078 #5044]  INFO -- default-ubuntu-1804:     default: SSH username: vagrant
I, [2022-06-12T14:20:05.765135 #5044]  INFO -- default-ubuntu-1804:     default: SSH auth method: private key
I, [2022-06-12T14:20:22.381424 #5044]  INFO -- default-ubuntu-1804:     default: 
I, [2022-06-12T14:20:22.381627 #5044]  INFO -- default-ubuntu-1804:     default: Vagrant insecure key detected. Vagrant will automatically replace
I, [2022-06-12T14:20:22.381685 #5044]  INFO -- default-ubuntu-1804:     default: this with a newly generated keypair for better security.
I, [2022-06-12T14:20:24.849593 #5044]  INFO -- default-ubuntu-1804:     default: 
I, [2022-06-12T14:20:24.849766 #5044]  INFO -- default-ubuntu-1804:     default: Inserting generated public key within guest...
I, [2022-06-12T14:20:25.877786 #5044]  INFO -- default-ubuntu-1804:     default: Removing insecure key from the guest if it's present...
I, [2022-06-12T14:20:26.264225 #5044]  INFO -- default-ubuntu-1804:     default: Key inserted! Disconnecting and reconnecting using new SSH key...
I, [2022-06-12T14:20:27.620123 #5044]  INFO -- default-ubuntu-1804: ==> default: Machine booted and ready!
I, [2022-06-12T14:20:27.706560 #5044]  INFO -- default-ubuntu-1804: ==> default: Checking for guest additions in VM...
I, [2022-06-12T14:20:27.813842 #5044]  INFO -- default-ubuntu-1804: ==> default: Setting hostname...
I, [2022-06-12T14:20:28.936445 #5044]  INFO -- default-ubuntu-1804: ==> default: Mounting shared folders...
I, [2022-06-12T14:20:28.936648 #5044]  INFO -- default-ubuntu-1804:     default: /tmp/omnibus/cache => C:/Users/jaiganesh/.kitchen/cache
I, [2022-06-12T14:20:30.397666 #5044]  INFO -- default-ubuntu-1804: ==> default: Machine not provisioned because `--no-provision` is specified.
I, [2022-06-12T14:20:36.187134 #5044]  INFO -- default-ubuntu-1804: [SSH] Established
I, [2022-06-12T14:20:36.189746 #5044]  INFO -- default-ubuntu-1804: Vagrant instance <default-ubuntu-1804> created.
I, [2022-06-12T14:20:36.192035 #5044]  INFO -- default-ubuntu-1804: Finished creating <default-ubuntu-1804> (0m58.74s).
